2020-01-13 11:24:41 INFO  Reflections:232 - Reflections took 4530 ms to scan 78 urls, producing 10429 keys and 53683 values 
2020-01-13 11:24:41 WARN  Reflections:396 - could not get type for name org.eclipse.swt.events.ControlListener from any class loader
org.reflections.ReflectionsException: could not get type for name org.eclipse.swt.events.ControlListener
	at org.reflections.ReflectionUtils.forName(ReflectionUtils.java:390)
	at org.reflections.Reflections.expandSuperTypes(Reflections.java:381)
	at org.reflections.Reflections.<init>(Reflections.java:126)
	at com.thoughtworks.gauge.scan.ClasspathScanner.createReflections(ClasspathScanner.java:66)
	at com.thoughtworks.gauge.scan.ClasspathScanner.scan(ClasspathScanner.java:41)
	at com.thoughtworks.gauge.GaugeRuntime.connectSynchronously(GaugeRuntime.java:80)
	at com.thoughtworks.gauge.GaugeRuntime.main(GaugeRuntime.java:57)
Caused by: java.lang.ClassNotFoundException: org.eclipse.swt.events.ControlListener
	at java.net.URLClassLoader.findClass(URLClassLoader.java:382)
	at java.lang.ClassLoader.loadClass(ClassLoader.java:424)
	at sun.misc.Launcher$AppClassLoader.loadClass(Launcher.java:349)
	at java.lang.ClassLoader.loadClass(ClassLoader.java:357)
	at org.reflections.ReflectionUtils.forName(ReflectionUtils.java:388)
	... 6 more
2020-01-13 11:24:41 WARN  Reflections:396 - could not get type for name org.eclipse.swt.events.DisposeListener from any class loader
org.reflections.ReflectionsException: could not get type for name org.eclipse.swt.events.DisposeListener
	at org.reflections.ReflectionUtils.forName(ReflectionUtils.java:390)
	at org.reflections.Reflections.expandSuperTypes(Reflections.java:381)
	at org.reflections.Reflections.<init>(Reflections.java:126)
	at com.thoughtworks.gauge.scan.ClasspathScanner.createReflections(ClasspathScanner.java:66)
	at com.thoughtworks.gauge.scan.ClasspathScanner.scan(ClasspathScanner.java:41)
	at com.thoughtworks.gauge.GaugeRuntime.connectSynchronously(GaugeRuntime.java:80)
	at com.thoughtworks.gauge.GaugeRuntime.main(GaugeRuntime.java:57)
Caused by: java.lang.ClassNotFoundException: org.eclipse.swt.events.DisposeListener
	at java.net.URLClassLoader.findClass(URLClassLoader.java:382)
	at java.lang.ClassLoader.loadClass(ClassLoader.java:424)
	at sun.misc.Launcher$AppClassLoader.loadClass(Launcher.java:349)
	at java.lang.ClassLoader.loadClass(ClassLoader.java:357)
	at org.reflections.ReflectionUtils.forName(ReflectionUtils.java:388)
	... 6 more
2020-01-13 11:24:41 WARN  Reflections:396 - could not get type for name net.bytebuddy.jar.asm.tree.MethodNode from any class loader
org.reflections.ReflectionsException: could not get type for name net.bytebuddy.jar.asm.tree.MethodNode
	at org.reflections.ReflectionUtils.forName(ReflectionUtils.java:390)
	at org.reflections.Reflections.expandSuperTypes(Reflections.java:381)
	at org.reflections.Reflections.<init>(Reflections.java:126)
	at com.thoughtworks.gauge.scan.ClasspathScanner.createReflections(ClasspathScanner.java:66)
	at com.thoughtworks.gauge.scan.ClasspathScanner.scan(ClasspathScanner.java:41)
	at com.thoughtworks.gauge.GaugeRuntime.connectSynchronously(GaugeRuntime.java:80)
	at com.thoughtworks.gauge.GaugeRuntime.main(GaugeRuntime.java:57)
Caused by: java.lang.ClassNotFoundException: net.bytebuddy.jar.asm.tree.MethodNode
	at java.net.URLClassLoader.findClass(URLClassLoader.java:382)
	at java.lang.ClassLoader.loadClass(ClassLoader.java:424)
	at sun.misc.Launcher$AppClassLoader.loadClass(Launcher.java:349)
	at java.lang.ClassLoader.loadClass(ClassLoader.java:357)
	at org.reflections.ReflectionUtils.forName(ReflectionUtils.java:388)
	... 6 more
2020-01-13 11:24:42 WARN  Reflections:396 - could not get type for name javax.servlet.ServletContextListener from any class loader
org.reflections.ReflectionsException: could not get type for name javax.servlet.ServletContextListener
	at org.reflections.ReflectionUtils.forName(ReflectionUtils.java:390)
	at org.reflections.Reflections.expandSuperTypes(Reflections.java:381)
	at org.reflections.Reflections.<init>(Reflections.java:126)
	at com.thoughtworks.gauge.scan.ClasspathScanner.createReflections(ClasspathScanner.java:66)
	at com.thoughtworks.gauge.scan.ClasspathScanner.scan(ClasspathScanner.java:41)
	at com.thoughtworks.gauge.GaugeRuntime.connectSynchronously(GaugeRuntime.java:80)
	at com.thoughtworks.gauge.GaugeRuntime.main(GaugeRuntime.java:57)
Caused by: java.lang.ClassNotFoundException: javax.servlet.ServletContextListener
	at java.net.URLClassLoader.findClass(URLClassLoader.java:382)
	at java.lang.ClassLoader.loadClass(ClassLoader.java:424)
	at sun.misc.Launcher$AppClassLoader.loadClass(Launcher.java:349)
	at java.lang.ClassLoader.loadClass(ClassLoader.java:357)
	at org.reflections.ReflectionUtils.forName(ReflectionUtils.java:388)
	... 6 more
2020-01-13 11:24:42 WARN  Reflections:396 - could not get type for name org.eclipse.swt.dnd.DragSourceListener from any class loader
org.reflections.ReflectionsException: could not get type for name org.eclipse.swt.dnd.DragSourceListener
	at org.reflections.ReflectionUtils.forName(ReflectionUtils.java:390)
	at org.reflections.Reflections.expandSuperTypes(Reflections.java:381)
	at org.reflections.Reflections.<init>(Reflections.java:126)
	at com.thoughtworks.gauge.scan.ClasspathScanner.createReflections(ClasspathScanner.java:66)
	at com.thoughtworks.gauge.scan.ClasspathScanner.scan(ClasspathScanner.java:41)
	at com.thoughtworks.gauge.GaugeRuntime.connectSynchronously(GaugeRuntime.java:80)
	at com.thoughtworks.gauge.GaugeRuntime.main(GaugeRuntime.java:57)
Caused by: java.lang.ClassNotFoundException: org.eclipse.swt.dnd.DragSourceListener
	at java.net.URLClassLoader.findClass(URLClassLoader.java:382)
	at java.lang.ClassLoader.loadClass(ClassLoader.java:424)
	at sun.misc.Launcher$AppClassLoader.loadClass(Launcher.java:349)
	at java.lang.ClassLoader.loadClass(ClassLoader.java:357)
	at org.reflections.ReflectionUtils.forName(ReflectionUtils.java:388)
	... 6 more
2020-01-13 11:24:42 WARN  Reflections:396 - could not get type for name org.apache.tools.ant.Task from any class loader
org.reflections.ReflectionsException: could not get type for name org.apache.tools.ant.Task
	at org.reflections.ReflectionUtils.forName(ReflectionUtils.java:390)
	at org.reflections.Reflections.expandSuperTypes(Reflections.java:381)
	at org.reflections.Reflections.<init>(Reflections.java:126)
	at com.thoughtworks.gauge.scan.ClasspathScanner.createReflections(ClasspathScanner.java:66)
	at com.thoughtworks.gauge.scan.ClasspathScanner.scan(ClasspathScanner.java:41)
	at com.thoughtworks.gauge.GaugeRuntime.connectSynchronously(GaugeRuntime.java:80)
	at com.thoughtworks.gauge.GaugeRuntime.main(GaugeRuntime.java:57)
Caused by: java.lang.ClassNotFoundException: org.apache.tools.ant.Task
	at java.net.URLClassLoader.findClass(URLClassLoader.java:382)
	at java.lang.ClassLoader.loadClass(ClassLoader.java:424)
	at sun.misc.Launcher$AppClassLoader.loadClass(Launcher.java:349)
	at java.lang.ClassLoader.loadClass(ClassLoader.java:357)
	at org.reflections.ReflectionUtils.forName(ReflectionUtils.java:388)
	... 6 more
2020-01-13 11:24:42 WARN  Reflections:396 - could not get type for name org.eclipse.swt.events.MouseListener from any class loader
org.reflections.ReflectionsException: could not get type for name org.eclipse.swt.events.MouseListener
	at org.reflections.ReflectionUtils.forName(ReflectionUtils.java:390)
	at org.reflections.Reflections.expandSuperTypes(Reflections.java:381)
	at org.reflections.Reflections.<init>(Reflections.java:126)
	at com.thoughtworks.gauge.scan.ClasspathScanner.createReflections(ClasspathScanner.java:66)
	at com.thoughtworks.gauge.scan.ClasspathScanner.scan(ClasspathScanner.java:41)
	at com.thoughtworks.gauge.GaugeRuntime.connectSynchronously(GaugeRuntime.java:80)
	at com.thoughtworks.gauge.GaugeRuntime.main(GaugeRuntime.java:57)
Caused by: java.lang.ClassNotFoundException: org.eclipse.swt.events.MouseListener
	at java.net.URLClassLoader.findClass(URLClassLoader.java:382)
	at java.lang.ClassLoader.loadClass(ClassLoader.java:424)
	at sun.misc.Launcher$AppClassLoader.loadClass(Launcher.java:349)
	at java.lang.ClassLoader.loadClass(ClassLoader.java:357)
	at org.reflections.ReflectionUtils.forName(ReflectionUtils.java:388)
	... 6 more
2020-01-13 11:24:42 WARN  Reflections:396 - could not get type for name org.eclipse.swt.events.MouseTrackListener from any class loader
org.reflections.ReflectionsException: could not get type for name org.eclipse.swt.events.MouseTrackListener
	at org.reflections.ReflectionUtils.forName(ReflectionUtils.java:390)
	at org.reflections.Reflections.expandSuperTypes(Reflections.java:381)
	at org.reflections.Reflections.<init>(Reflections.java:126)
	at com.thoughtworks.gauge.scan.ClasspathScanner.createReflections(ClasspathScanner.java:66)
	at com.thoughtworks.gauge.scan.ClasspathScanner.scan(ClasspathScanner.java:41)
	at com.thoughtworks.gauge.GaugeRuntime.connectSynchronously(GaugeRuntime.java:80)
	at com.thoughtworks.gauge.GaugeRuntime.main(GaugeRuntime.java:57)
Caused by: java.lang.ClassNotFoundException: org.eclipse.swt.events.MouseTrackListener
	at java.net.URLClassLoader.findClass(URLClassLoader.java:382)
	at java.lang.ClassLoader.loadClass(ClassLoader.java:424)
	at sun.misc.Launcher$AppClassLoader.loadClass(Launcher.java:349)
	at java.lang.ClassLoader.loadClass(ClassLoader.java:357)
	at org.reflections.ReflectionUtils.forName(ReflectionUtils.java:388)
	... 6 more
2020-01-13 11:24:42 WARN  Reflections:396 - could not get type for name org.eclipse.swt.dnd.ByteArrayTransfer from any class loader
org.reflections.ReflectionsException: could not get type for name org.eclipse.swt.dnd.ByteArrayTransfer
	at org.reflections.ReflectionUtils.forName(ReflectionUtils.java:390)
	at org.reflections.Reflections.expandSuperTypes(Reflections.java:381)
	at org.reflections.Reflections.<init>(Reflections.java:126)
	at com.thoughtworks.gauge.scan.ClasspathScanner.createReflections(ClasspathScanner.java:66)
	at com.thoughtworks.gauge.scan.ClasspathScanner.scan(ClasspathScanner.java:41)
	at com.thoughtworks.gauge.GaugeRuntime.connectSynchronously(GaugeRuntime.java:80)
	at com.thoughtworks.gauge.GaugeRuntime.main(GaugeRuntime.java:57)
Caused by: java.lang.ClassNotFoundException: org.eclipse.swt.dnd.ByteArrayTransfer
	at java.net.URLClassLoader.findClass(URLClassLoader.java:382)
	at java.lang.ClassLoader.loadClass(ClassLoader.java:424)
	at sun.misc.Launcher$AppClassLoader.loadClass(Launcher.java:349)
	at java.lang.ClassLoader.loadClass(ClassLoader.java:357)
	at org.reflections.ReflectionUtils.forName(ReflectionUtils.java:388)
	... 6 more
2020-01-13 11:24:42 WARN  Reflections:396 - could not get type for name org.eclipse.swt.dnd.DropTargetListener from any class loader
org.reflections.ReflectionsException: could not get type for name org.eclipse.swt.dnd.DropTargetListener
	at org.reflections.ReflectionUtils.forName(ReflectionUtils.java:390)
	at org.reflections.Reflections.expandSuperTypes(Reflections.java:381)
	at org.reflections.Reflections.<init>(Reflections.java:126)
	at com.thoughtworks.gauge.scan.ClasspathScanner.createReflections(ClasspathScanner.java:66)
	at com.thoughtworks.gauge.scan.ClasspathScanner.scan(ClasspathScanner.java:41)
	at com.thoughtworks.gauge.GaugeRuntime.connectSynchronously(GaugeRuntime.java:80)
	at com.thoughtworks.gauge.GaugeRuntime.main(GaugeRuntime.java:57)
Caused by: java.lang.ClassNotFoundException: org.eclipse.swt.dnd.DropTargetListener
	at java.net.URLClassLoader.findClass(URLClassLoader.java:382)
	at java.lang.ClassLoader.loadClass(ClassLoader.java:424)
	at sun.misc.Launcher$AppClassLoader.loadClass(Launcher.java:349)
	at java.lang.ClassLoader.loadClass(ClassLoader.java:357)
	at org.reflections.ReflectionUtils.forName(ReflectionUtils.java:388)
	... 6 more
2020-01-13 11:24:42 WARN  Reflections:396 - could not get type for name org.apache.tools.ant.types.DataType from any class loader
org.reflections.ReflectionsException: could not get type for name org.apache.tools.ant.types.DataType
	at org.reflections.ReflectionUtils.forName(ReflectionUtils.java:390)
	at org.reflections.Reflections.expandSuperTypes(Reflections.java:381)
	at org.reflections.Reflections.<init>(Reflections.java:126)
	at com.thoughtworks.gauge.scan.ClasspathScanner.createReflections(ClasspathScanner.java:66)
	at com.thoughtworks.gauge.scan.ClasspathScanner.scan(ClasspathScanner.java:41)
	at com.thoughtworks.gauge.GaugeRuntime.connectSynchronously(GaugeRuntime.java:80)
	at com.thoughtworks.gauge.GaugeRuntime.main(GaugeRuntime.java:57)
Caused by: java.lang.ClassNotFoundException: org.apache.tools.ant.types.DataType
	at java.net.URLClassLoader.findClass(URLClassLoader.java:382)
	at java.lang.ClassLoader.loadClass(ClassLoader.java:424)
	at sun.misc.Launcher$AppClassLoader.loadClass(Launcher.java:349)
	at java.lang.ClassLoader.loadClass(ClassLoader.java:357)
	at org.reflections.ReflectionUtils.forName(ReflectionUtils.java:388)
	... 6 more
2020-01-13 11:24:42 WARN  Reflections:396 - could not get type for name org.eclipse.swt.events.KeyListener from any class loader
org.reflections.ReflectionsException: could not get type for name org.eclipse.swt.events.KeyListener
	at org.reflections.ReflectionUtils.forName(ReflectionUtils.java:390)
	at org.reflections.Reflections.expandSuperTypes(Reflections.java:381)
	at org.reflections.Reflections.<init>(Reflections.java:126)
	at com.thoughtworks.gauge.scan.ClasspathScanner.createReflections(ClasspathScanner.java:66)
	at com.thoughtworks.gauge.scan.ClasspathScanner.scan(ClasspathScanner.java:41)
	at com.thoughtworks.gauge.GaugeRuntime.connectSynchronously(GaugeRuntime.java:80)
	at com.thoughtworks.gauge.GaugeRuntime.main(GaugeRuntime.java:57)
Caused by: java.lang.ClassNotFoundException: org.eclipse.swt.events.KeyListener
	at java.net.URLClassLoader.findClass(URLClassLoader.java:382)
	at java.lang.ClassLoader.loadClass(ClassLoader.java:424)
	at sun.misc.Launcher$AppClassLoader.loadClass(Launcher.java:349)
	at java.lang.ClassLoader.loadClass(ClassLoader.java:357)
	at org.reflections.ReflectionUtils.forName(ReflectionUtils.java:388)
	... 6 more
2020-01-13 11:24:42 WARN  Reflections:396 - could not get type for name org.eclipse.swt.events.FocusListener from any class loader
org.reflections.ReflectionsException: could not get type for name org.eclipse.swt.events.FocusListener
	at org.reflections.ReflectionUtils.forName(ReflectionUtils.java:390)
	at org.reflections.Reflections.expandSuperTypes(Reflections.java:381)
	at org.reflections.Reflections.<init>(Reflections.java:126)
	at com.thoughtworks.gauge.scan.ClasspathScanner.createReflections(ClasspathScanner.java:66)
	at com.thoughtworks.gauge.scan.ClasspathScanner.scan(ClasspathScanner.java:41)
	at com.thoughtworks.gauge.GaugeRuntime.connectSynchronously(GaugeRuntime.java:80)
	at com.thoughtworks.gauge.GaugeRuntime.main(GaugeRuntime.java:57)
Caused by: java.lang.ClassNotFoundException: org.eclipse.swt.events.FocusListener
	at java.net.URLClassLoader.findClass(URLClassLoader.java:382)
	at java.lang.ClassLoader.loadClass(ClassLoader.java:424)
	at sun.misc.Launcher$AppClassLoader.loadClass(Launcher.java:349)
	at java.lang.ClassLoader.loadClass(ClassLoader.java:357)
	at org.reflections.ReflectionUtils.forName(ReflectionUtils.java:388)
	... 6 more
2020-01-13 11:24:42 WARN  Reflections:396 - could not get type for name javax.jms.MessageListener from any class loader
org.reflections.ReflectionsException: could not get type for name javax.jms.MessageListener
	at org.reflections.ReflectionUtils.forName(ReflectionUtils.java:390)
	at org.reflections.Reflections.expandSuperTypes(Reflections.java:381)
	at org.reflections.Reflections.<init>(Reflections.java:126)
	at com.thoughtworks.gauge.scan.ClasspathScanner.createReflections(ClasspathScanner.java:66)
	at com.thoughtworks.gauge.scan.ClasspathScanner.scan(ClasspathScanner.java:41)
	at com.thoughtworks.gauge.GaugeRuntime.connectSynchronously(GaugeRuntime.java:80)
	at com.thoughtworks.gauge.GaugeRuntime.main(GaugeRuntime.java:57)
Caused by: java.lang.ClassNotFoundException: javax.jms.MessageListener
	at java.net.URLClassLoader.findClass(URLClassLoader.java:382)
	at java.lang.ClassLoader.loadClass(ClassLoader.java:424)
	at sun.misc.Launcher$AppClassLoader.loadClass(Launcher.java:349)
	at java.lang.ClassLoader.loadClass(ClassLoader.java:357)
	at org.reflections.ReflectionUtils.forName(ReflectionUtils.java:388)
	... 6 more
2020-01-13 11:24:42 WARN  Reflections:396 - could not get type for name org.eclipse.swt.widgets.Canvas from any class loader
org.reflections.ReflectionsException: could not get type for name org.eclipse.swt.widgets.Canvas
	at org.reflections.ReflectionUtils.forName(ReflectionUtils.java:390)
	at org.reflections.Reflections.expandSuperTypes(Reflections.java:381)
	at org.reflections.Reflections.<init>(Reflections.java:126)
	at com.thoughtworks.gauge.scan.ClasspathScanner.createReflections(ClasspathScanner.java:66)
	at com.thoughtworks.gauge.scan.ClasspathScanner.scan(ClasspathScanner.java:41)
	at com.thoughtworks.gauge.GaugeRuntime.connectSynchronously(GaugeRuntime.java:80)
	at com.thoughtworks.gauge.GaugeRuntime.main(GaugeRuntime.java:57)
Caused by: java.lang.ClassNotFoundException: org.eclipse.swt.widgets.Canvas
	at java.net.URLClassLoader.findClass(URLClassLoader.java:382)
	at java.lang.ClassLoader.loadClass(ClassLoader.java:424)
	at sun.misc.Launcher$AppClassLoader.loadClass(Launcher.java:349)
	at java.lang.ClassLoader.loadClass(ClassLoader.java:357)
	at org.reflections.ReflectionUtils.forName(ReflectionUtils.java:388)
	... 6 more
2020-01-13 11:24:42 WARN  Reflections:396 - could not get type for name org.junit.jupiter.api.extension.AfterEachCallback from any class loader
org.reflections.ReflectionsException: could not get type for name org.junit.jupiter.api.extension.AfterEachCallback
	at org.reflections.ReflectionUtils.forName(ReflectionUtils.java:390)
	at org.reflections.Reflections.expandSuperTypes(Reflections.java:381)
	at org.reflections.Reflections.<init>(Reflections.java:126)
	at com.thoughtworks.gauge.scan.ClasspathScanner.createReflections(ClasspathScanner.java:66)
	at com.thoughtworks.gauge.scan.ClasspathScanner.scan(ClasspathScanner.java:41)
	at com.thoughtworks.gauge.GaugeRuntime.connectSynchronously(GaugeRuntime.java:80)
	at com.thoughtworks.gauge.GaugeRuntime.main(GaugeRuntime.java:57)
Caused by: java.lang.ClassNotFoundException: org.junit.jupiter.api.extension.AfterEachCallback
	at java.net.URLClassLoader.findClass(URLClassLoader.java:382)
	at java.lang.ClassLoader.loadClass(ClassLoader.java:424)
	at sun.misc.Launcher$AppClassLoader.loadClass(Launcher.java:349)
	at java.lang.ClassLoader.loadClass(ClassLoader.java:357)
	at org.reflections.ReflectionUtils.forName(ReflectionUtils.java:388)
	... 6 more
2020-01-13 11:24:42 WARN  Reflections:396 - could not get type for name org.apache.tools.ant.types.FileSet from any class loader
org.reflections.ReflectionsException: could not get type for name org.apache.tools.ant.types.FileSet
	at org.reflections.ReflectionUtils.forName(ReflectionUtils.java:390)
	at org.reflections.Reflections.expandSuperTypes(Reflections.java:381)
	at org.reflections.Reflections.<init>(Reflections.java:126)
	at com.thoughtworks.gauge.scan.ClasspathScanner.createReflections(ClasspathScanner.java:66)
	at com.thoughtworks.gauge.scan.ClasspathScanner.scan(ClasspathScanner.java:41)
	at com.thoughtworks.gauge.GaugeRuntime.connectSynchronously(GaugeRuntime.java:80)
	at com.thoughtworks.gauge.GaugeRuntime.main(GaugeRuntime.java:57)
Caused by: java.lang.ClassNotFoundException: org.apache.tools.ant.types.FileSet
	at java.net.URLClassLoader.findClass(URLClassLoader.java:382)
	at java.lang.ClassLoader.loadClass(ClassLoader.java:424)
	at sun.misc.Launcher$AppClassLoader.loadClass(Launcher.java:349)
	at java.lang.ClassLoader.loadClass(ClassLoader.java:357)
	at org.reflections.ReflectionUtils.forName(ReflectionUtils.java:388)
	... 6 more
2020-01-13 11:24:42 WARN  Reflections:396 - could not get type for name org.apache.tools.ant.DynamicAttribute from any class loader
org.reflections.ReflectionsException: could not get type for name org.apache.tools.ant.DynamicAttribute
	at org.reflections.ReflectionUtils.forName(ReflectionUtils.java:390)
	at org.reflections.Reflections.expandSuperTypes(Reflections.java:381)
	at org.reflections.Reflections.<init>(Reflections.java:126)
	at com.thoughtworks.gauge.scan.ClasspathScanner.createReflections(ClasspathScanner.java:66)
	at com.thoughtworks.gauge.scan.ClasspathScanner.scan(ClasspathScanner.java:41)
	at com.thoughtworks.gauge.GaugeRuntime.connectSynchronously(GaugeRuntime.java:80)
	at com.thoughtworks.gauge.GaugeRuntime.main(GaugeRuntime.java:57)
Caused by: java.lang.ClassNotFoundException: org.apache.tools.ant.DynamicAttribute
	at java.net.URLClassLoader.findClass(URLClassLoader.java:382)
	at java.lang.ClassLoader.loadClass(ClassLoader.java:424)
	at sun.misc.Launcher$AppClassLoader.loadClass(Launcher.java:349)
	at java.lang.ClassLoader.loadClass(ClassLoader.java:357)
	at org.reflections.ReflectionUtils.forName(ReflectionUtils.java:388)
	... 6 more
2020-01-13 11:24:44 INFO  Reflections:232 - Reflections took 1969 ms to scan 78 urls, producing 10365 keys and 47249 values 
2020-01-13 11:24:44 WARN  Reflections:396 - could not get type for name org.eclipse.swt.events.ControlListener from any class loader
org.reflections.ReflectionsException: could not get type for name org.eclipse.swt.events.ControlListener
	at org.reflections.ReflectionUtils.forName(ReflectionUtils.java:390)
	at org.reflections.Reflections.expandSuperTypes(Reflections.java:381)
	at org.reflections.Reflections.<init>(Reflections.java:126)
	at com.thoughtworks.gauge.execution.parameters.parsers.base.ParameterParsingChain.createReflections(ParameterParsingChain.java:41)
	at com.thoughtworks.gauge.execution.parameters.parsers.base.ParameterParsingChain.<init>(ParameterParsingChain.java:27)
	at com.thoughtworks.gauge.GaugeRuntime.dispatchMessages(GaugeRuntime.java:98)
	at com.thoughtworks.gauge.GaugeRuntime.lambda$connectSynchronously$1(GaugeRuntime.java:81)
	at java.lang.Thread.run(Thread.java:748)
Caused by: java.lang.ClassNotFoundException: org.eclipse.swt.events.ControlListener
	at java.net.URLClassLoader.findClass(URLClassLoader.java:382)
	at java.lang.ClassLoader.loadClass(ClassLoader.java:424)
	at sun.misc.Launcher$AppClassLoader.loadClass(Launcher.java:349)
	at java.lang.ClassLoader.loadClass(ClassLoader.java:357)
	at org.reflections.ReflectionUtils.forName(ReflectionUtils.java:388)
	... 7 more
2020-01-13 11:24:44 WARN  Reflections:396 - could not get type for name org.eclipse.swt.events.DisposeListener from any class loader
org.reflections.ReflectionsException: could not get type for name org.eclipse.swt.events.DisposeListener
	at org.reflections.ReflectionUtils.forName(ReflectionUtils.java:390)
	at org.reflections.Reflections.expandSuperTypes(Reflections.java:381)
	at org.reflections.Reflections.<init>(Reflections.java:126)
	at com.thoughtworks.gauge.execution.parameters.parsers.base.ParameterParsingChain.createReflections(ParameterParsingChain.java:41)
	at com.thoughtworks.gauge.execution.parameters.parsers.base.ParameterParsingChain.<init>(ParameterParsingChain.java:27)
	at com.thoughtworks.gauge.GaugeRuntime.dispatchMessages(GaugeRuntime.java:98)
	at com.thoughtworks.gauge.GaugeRuntime.lambda$connectSynchronously$1(GaugeRuntime.java:81)
	at java.lang.Thread.run(Thread.java:748)
Caused by: java.lang.ClassNotFoundException: org.eclipse.swt.events.DisposeListener
	at java.net.URLClassLoader.findClass(URLClassLoader.java:382)
	at java.lang.ClassLoader.loadClass(ClassLoader.java:424)
	at sun.misc.Launcher$AppClassLoader.loadClass(Launcher.java:349)
	at java.lang.ClassLoader.loadClass(ClassLoader.java:357)
	at org.reflections.ReflectionUtils.forName(ReflectionUtils.java:388)
	... 7 more
2020-01-13 11:24:44 WARN  Reflections:396 - could not get type for name net.bytebuddy.jar.asm.tree.MethodNode from any class loader
org.reflections.ReflectionsException: could not get type for name net.bytebuddy.jar.asm.tree.MethodNode
	at org.reflections.ReflectionUtils.forName(ReflectionUtils.java:390)
	at org.reflections.Reflections.expandSuperTypes(Reflections.java:381)
	at org.reflections.Reflections.<init>(Reflections.java:126)
	at com.thoughtworks.gauge.execution.parameters.parsers.base.ParameterParsingChain.createReflections(ParameterParsingChain.java:41)
	at com.thoughtworks.gauge.execution.parameters.parsers.base.ParameterParsingChain.<init>(ParameterParsingChain.java:27)
	at com.thoughtworks.gauge.GaugeRuntime.dispatchMessages(GaugeRuntime.java:98)
	at com.thoughtworks.gauge.GaugeRuntime.lambda$connectSynchronously$1(GaugeRuntime.java:81)
	at java.lang.Thread.run(Thread.java:748)
Caused by: java.lang.ClassNotFoundException: net.bytebuddy.jar.asm.tree.MethodNode
	at java.net.URLClassLoader.findClass(URLClassLoader.java:382)
	at java.lang.ClassLoader.loadClass(ClassLoader.java:424)
	at sun.misc.Launcher$AppClassLoader.loadClass(Launcher.java:349)
	at java.lang.ClassLoader.loadClass(ClassLoader.java:357)
	at org.reflections.ReflectionUtils.forName(ReflectionUtils.java:388)
	... 7 more
2020-01-13 11:24:44 WARN  Reflections:396 - could not get type for name javax.servlet.ServletContextListener from any class loader
org.reflections.ReflectionsException: could not get type for name javax.servlet.ServletContextListener
	at org.reflections.ReflectionUtils.forName(ReflectionUtils.java:390)
	at org.reflections.Reflections.expandSuperTypes(Reflections.java:381)
	at org.reflections.Reflections.<init>(Reflections.java:126)
	at com.thoughtworks.gauge.execution.parameters.parsers.base.ParameterParsingChain.createReflections(ParameterParsingChain.java:41)
	at com.thoughtworks.gauge.execution.parameters.parsers.base.ParameterParsingChain.<init>(ParameterParsingChain.java:27)
	at com.thoughtworks.gauge.GaugeRuntime.dispatchMessages(GaugeRuntime.java:98)
	at com.thoughtworks.gauge.GaugeRuntime.lambda$connectSynchronously$1(GaugeRuntime.java:81)
	at java.lang.Thread.run(Thread.java:748)
Caused by: java.lang.ClassNotFoundException: javax.servlet.ServletContextListener
	at java.net.URLClassLoader.findClass(URLClassLoader.java:382)
	at java.lang.ClassLoader.loadClass(ClassLoader.java:424)
	at sun.misc.Launcher$AppClassLoader.loadClass(Launcher.java:349)
	at java.lang.ClassLoader.loadClass(ClassLoader.java:357)
	at org.reflections.ReflectionUtils.forName(ReflectionUtils.java:388)
	... 7 more
2020-01-13 11:24:44 WARN  Reflections:396 - could not get type for name org.eclipse.swt.dnd.DragSourceListener from any class loader
org.reflections.ReflectionsException: could not get type for name org.eclipse.swt.dnd.DragSourceListener
	at org.reflections.ReflectionUtils.forName(ReflectionUtils.java:390)
	at org.reflections.Reflections.expandSuperTypes(Reflections.java:381)
	at org.reflections.Reflections.<init>(Reflections.java:126)
	at com.thoughtworks.gauge.execution.parameters.parsers.base.ParameterParsingChain.createReflections(ParameterParsingChain.java:41)
	at com.thoughtworks.gauge.execution.parameters.parsers.base.ParameterParsingChain.<init>(ParameterParsingChain.java:27)
	at com.thoughtworks.gauge.GaugeRuntime.dispatchMessages(GaugeRuntime.java:98)
	at com.thoughtworks.gauge.GaugeRuntime.lambda$connectSynchronously$1(GaugeRuntime.java:81)
	at java.lang.Thread.run(Thread.java:748)
Caused by: java.lang.ClassNotFoundException: org.eclipse.swt.dnd.DragSourceListener
	at java.net.URLClassLoader.findClass(URLClassLoader.java:382)
	at java.lang.ClassLoader.loadClass(ClassLoader.java:424)
	at sun.misc.Launcher$AppClassLoader.loadClass(Launcher.java:349)
	at java.lang.ClassLoader.loadClass(ClassLoader.java:357)
	at org.reflections.ReflectionUtils.forName(ReflectionUtils.java:388)
	... 7 more
2020-01-13 11:24:44 WARN  Reflections:396 - could not get type for name org.apache.tools.ant.Task from any class loader
org.reflections.ReflectionsException: could not get type for name org.apache.tools.ant.Task
	at org.reflections.ReflectionUtils.forName(ReflectionUtils.java:390)
	at org.reflections.Reflections.expandSuperTypes(Reflections.java:381)
	at org.reflections.Reflections.<init>(Reflections.java:126)
	at com.thoughtworks.gauge.execution.parameters.parsers.base.ParameterParsingChain.createReflections(ParameterParsingChain.java:41)
	at com.thoughtworks.gauge.execution.parameters.parsers.base.ParameterParsingChain.<init>(ParameterParsingChain.java:27)
	at com.thoughtworks.gauge.GaugeRuntime.dispatchMessages(GaugeRuntime.java:98)
	at com.thoughtworks.gauge.GaugeRuntime.lambda$connectSynchronously$1(GaugeRuntime.java:81)
	at java.lang.Thread.run(Thread.java:748)
Caused by: java.lang.ClassNotFoundException: org.apache.tools.ant.Task
	at java.net.URLClassLoader.findClass(URLClassLoader.java:382)
	at java.lang.ClassLoader.loadClass(ClassLoader.java:424)
	at sun.misc.Launcher$AppClassLoader.loadClass(Launcher.java:349)
	at java.lang.ClassLoader.loadClass(ClassLoader.java:357)
	at org.reflections.ReflectionUtils.forName(ReflectionUtils.java:388)
	... 7 more
2020-01-13 11:24:44 WARN  Reflections:396 - could not get type for name org.eclipse.swt.events.MouseListener from any class loader
org.reflections.ReflectionsException: could not get type for name org.eclipse.swt.events.MouseListener
	at org.reflections.ReflectionUtils.forName(ReflectionUtils.java:390)
	at org.reflections.Reflections.expandSuperTypes(Reflections.java:381)
	at org.reflections.Reflections.<init>(Reflections.java:126)
	at com.thoughtworks.gauge.execution.parameters.parsers.base.ParameterParsingChain.createReflections(ParameterParsingChain.java:41)
	at com.thoughtworks.gauge.execution.parameters.parsers.base.ParameterParsingChain.<init>(ParameterParsingChain.java:27)
	at com.thoughtworks.gauge.GaugeRuntime.dispatchMessages(GaugeRuntime.java:98)
	at com.thoughtworks.gauge.GaugeRuntime.lambda$connectSynchronously$1(GaugeRuntime.java:81)
	at java.lang.Thread.run(Thread.java:748)
Caused by: java.lang.ClassNotFoundException: org.eclipse.swt.events.MouseListener
	at java.net.URLClassLoader.findClass(URLClassLoader.java:382)
	at java.lang.ClassLoader.loadClass(ClassLoader.java:424)
	at sun.misc.Launcher$AppClassLoader.loadClass(Launcher.java:349)
	at java.lang.ClassLoader.loadClass(ClassLoader.java:357)
	at org.reflections.ReflectionUtils.forName(ReflectionUtils.java:388)
	... 7 more
2020-01-13 11:24:44 WARN  Reflections:396 - could not get type for name org.eclipse.swt.events.MouseTrackListener from any class loader
org.reflections.ReflectionsException: could not get type for name org.eclipse.swt.events.MouseTrackListener
	at org.reflections.ReflectionUtils.forName(ReflectionUtils.java:390)
	at org.reflections.Reflections.expandSuperTypes(Reflections.java:381)
	at org.reflections.Reflections.<init>(Reflections.java:126)
	at com.thoughtworks.gauge.execution.parameters.parsers.base.ParameterParsingChain.createReflections(ParameterParsingChain.java:41)
	at com.thoughtworks.gauge.execution.parameters.parsers.base.ParameterParsingChain.<init>(ParameterParsingChain.java:27)
	at com.thoughtworks.gauge.GaugeRuntime.dispatchMessages(GaugeRuntime.java:98)
	at com.thoughtworks.gauge.GaugeRuntime.lambda$connectSynchronously$1(GaugeRuntime.java:81)
	at java.lang.Thread.run(Thread.java:748)
Caused by: java.lang.ClassNotFoundException: org.eclipse.swt.events.MouseTrackListener
	at java.net.URLClassLoader.findClass(URLClassLoader.java:382)
	at java.lang.ClassLoader.loadClass(ClassLoader.java:424)
	at sun.misc.Launcher$AppClassLoader.loadClass(Launcher.java:349)
	at java.lang.ClassLoader.loadClass(ClassLoader.java:357)
	at org.reflections.ReflectionUtils.forName(ReflectionUtils.java:388)
	... 7 more
2020-01-13 11:24:44 WARN  Reflections:396 - could not get type for name org.eclipse.swt.dnd.ByteArrayTransfer from any class loader
org.reflections.ReflectionsException: could not get type for name org.eclipse.swt.dnd.ByteArrayTransfer
	at org.reflections.ReflectionUtils.forName(ReflectionUtils.java:390)
	at org.reflections.Reflections.expandSuperTypes(Reflections.java:381)
	at org.reflections.Reflections.<init>(Reflections.java:126)
	at com.thoughtworks.gauge.execution.parameters.parsers.base.ParameterParsingChain.createReflections(ParameterParsingChain.java:41)
	at com.thoughtworks.gauge.execution.parameters.parsers.base.ParameterParsingChain.<init>(ParameterParsingChain.java:27)
	at com.thoughtworks.gauge.GaugeRuntime.dispatchMessages(GaugeRuntime.java:98)
	at com.thoughtworks.gauge.GaugeRuntime.lambda$connectSynchronously$1(GaugeRuntime.java:81)
	at java.lang.Thread.run(Thread.java:748)
Caused by: java.lang.ClassNotFoundException: org.eclipse.swt.dnd.ByteArrayTransfer
	at java.net.URLClassLoader.findClass(URLClassLoader.java:382)
	at java.lang.ClassLoader.loadClass(ClassLoader.java:424)
	at sun.misc.Launcher$AppClassLoader.loadClass(Launcher.java:349)
	at java.lang.ClassLoader.loadClass(ClassLoader.java:357)
	at org.reflections.ReflectionUtils.forName(ReflectionUtils.java:388)
	... 7 more
2020-01-13 11:24:44 WARN  Reflections:396 - could not get type for name org.eclipse.swt.dnd.DropTargetListener from any class loader
org.reflections.ReflectionsException: could not get type for name org.eclipse.swt.dnd.DropTargetListener
	at org.reflections.ReflectionUtils.forName(ReflectionUtils.java:390)
	at org.reflections.Reflections.expandSuperTypes(Reflections.java:381)
	at org.reflections.Reflections.<init>(Reflections.java:126)
	at com.thoughtworks.gauge.execution.parameters.parsers.base.ParameterParsingChain.createReflections(ParameterParsingChain.java:41)
	at com.thoughtworks.gauge.execution.parameters.parsers.base.ParameterParsingChain.<init>(ParameterParsingChain.java:27)
	at com.thoughtworks.gauge.GaugeRuntime.dispatchMessages(GaugeRuntime.java:98)
	at com.thoughtworks.gauge.GaugeRuntime.lambda$connectSynchronously$1(GaugeRuntime.java:81)
	at java.lang.Thread.run(Thread.java:748)
Caused by: java.lang.ClassNotFoundException: org.eclipse.swt.dnd.DropTargetListener
	at java.net.URLClassLoader.findClass(URLClassLoader.java:382)
	at java.lang.ClassLoader.loadClass(ClassLoader.java:424)
	at sun.misc.Launcher$AppClassLoader.loadClass(Launcher.java:349)
	at java.lang.ClassLoader.loadClass(ClassLoader.java:357)
	at org.reflections.ReflectionUtils.forName(ReflectionUtils.java:388)
	... 7 more
2020-01-13 11:24:44 WARN  Reflections:396 - could not get type for name org.apache.tools.ant.types.DataType from any class loader
org.reflections.ReflectionsException: could not get type for name org.apache.tools.ant.types.DataType
	at org.reflections.ReflectionUtils.forName(ReflectionUtils.java:390)
	at org.reflections.Reflections.expandSuperTypes(Reflections.java:381)
	at org.reflections.Reflections.<init>(Reflections.java:126)
	at com.thoughtworks.gauge.execution.parameters.parsers.base.ParameterParsingChain.createReflections(ParameterParsingChain.java:41)
	at com.thoughtworks.gauge.execution.parameters.parsers.base.ParameterParsingChain.<init>(ParameterParsingChain.java:27)
	at com.thoughtworks.gauge.GaugeRuntime.dispatchMessages(GaugeRuntime.java:98)
	at com.thoughtworks.gauge.GaugeRuntime.lambda$connectSynchronously$1(GaugeRuntime.java:81)
	at java.lang.Thread.run(Thread.java:748)
Caused by: java.lang.ClassNotFoundException: org.apache.tools.ant.types.DataType
	at java.net.URLClassLoader.findClass(URLClassLoader.java:382)
	at java.lang.ClassLoader.loadClass(ClassLoader.java:424)
	at sun.misc.Launcher$AppClassLoader.loadClass(Launcher.java:349)
	at java.lang.ClassLoader.loadClass(ClassLoader.java:357)
	at org.reflections.ReflectionUtils.forName(ReflectionUtils.java:388)
	... 7 more
2020-01-13 11:24:44 WARN  Reflections:396 - could not get type for name org.eclipse.swt.events.KeyListener from any class loader
org.reflections.ReflectionsException: could not get type for name org.eclipse.swt.events.KeyListener
	at org.reflections.ReflectionUtils.forName(ReflectionUtils.java:390)
	at org.reflections.Reflections.expandSuperTypes(Reflections.java:381)
	at org.reflections.Reflections.<init>(Reflections.java:126)
	at com.thoughtworks.gauge.execution.parameters.parsers.base.ParameterParsingChain.createReflections(ParameterParsingChain.java:41)
	at com.thoughtworks.gauge.execution.parameters.parsers.base.ParameterParsingChain.<init>(ParameterParsingChain.java:27)
	at com.thoughtworks.gauge.GaugeRuntime.dispatchMessages(GaugeRuntime.java:98)
	at com.thoughtworks.gauge.GaugeRuntime.lambda$connectSynchronously$1(GaugeRuntime.java:81)
	at java.lang.Thread.run(Thread.java:748)
Caused by: java.lang.ClassNotFoundException: org.eclipse.swt.events.KeyListener
	at java.net.URLClassLoader.findClass(URLClassLoader.java:382)
	at java.lang.ClassLoader.loadClass(ClassLoader.java:424)
	at sun.misc.Launcher$AppClassLoader.loadClass(Launcher.java:349)
	at java.lang.ClassLoader.loadClass(ClassLoader.java:357)
	at org.reflections.ReflectionUtils.forName(ReflectionUtils.java:388)
	... 7 more
2020-01-13 11:24:44 WARN  Reflections:396 - could not get type for name org.eclipse.swt.events.FocusListener from any class loader
org.reflections.ReflectionsException: could not get type for name org.eclipse.swt.events.FocusListener
	at org.reflections.ReflectionUtils.forName(ReflectionUtils.java:390)
	at org.reflections.Reflections.expandSuperTypes(Reflections.java:381)
	at org.reflections.Reflections.<init>(Reflections.java:126)
	at com.thoughtworks.gauge.execution.parameters.parsers.base.ParameterParsingChain.createReflections(ParameterParsingChain.java:41)
	at com.thoughtworks.gauge.execution.parameters.parsers.base.ParameterParsingChain.<init>(ParameterParsingChain.java:27)
	at com.thoughtworks.gauge.GaugeRuntime.dispatchMessages(GaugeRuntime.java:98)
	at com.thoughtworks.gauge.GaugeRuntime.lambda$connectSynchronously$1(GaugeRuntime.java:81)
	at java.lang.Thread.run(Thread.java:748)
Caused by: java.lang.ClassNotFoundException: org.eclipse.swt.events.FocusListener
	at java.net.URLClassLoader.findClass(URLClassLoader.java:382)
	at java.lang.ClassLoader.loadClass(ClassLoader.java:424)
	at sun.misc.Launcher$AppClassLoader.loadClass(Launcher.java:349)
	at java.lang.ClassLoader.loadClass(ClassLoader.java:357)
	at org.reflections.ReflectionUtils.forName(ReflectionUtils.java:388)
	... 7 more
2020-01-13 11:24:44 WARN  Reflections:396 - could not get type for name javax.jms.MessageListener from any class loader
org.reflections.ReflectionsException: could not get type for name javax.jms.MessageListener
	at org.reflections.ReflectionUtils.forName(ReflectionUtils.java:390)
	at org.reflections.Reflections.expandSuperTypes(Reflections.java:381)
	at org.reflections.Reflections.<init>(Reflections.java:126)
	at com.thoughtworks.gauge.execution.parameters.parsers.base.ParameterParsingChain.createReflections(ParameterParsingChain.java:41)
	at com.thoughtworks.gauge.execution.parameters.parsers.base.ParameterParsingChain.<init>(ParameterParsingChain.java:27)
	at com.thoughtworks.gauge.GaugeRuntime.dispatchMessages(GaugeRuntime.java:98)
	at com.thoughtworks.gauge.GaugeRuntime.lambda$connectSynchronously$1(GaugeRuntime.java:81)
	at java.lang.Thread.run(Thread.java:748)
Caused by: java.lang.ClassNotFoundException: javax.jms.MessageListener
	at java.net.URLClassLoader.findClass(URLClassLoader.java:382)
	at java.lang.ClassLoader.loadClass(ClassLoader.java:424)
	at sun.misc.Launcher$AppClassLoader.loadClass(Launcher.java:349)
	at java.lang.ClassLoader.loadClass(ClassLoader.java:357)
	at org.reflections.ReflectionUtils.forName(ReflectionUtils.java:388)
	... 7 more
2020-01-13 11:24:44 WARN  Reflections:396 - could not get type for name org.eclipse.swt.widgets.Canvas from any class loader
org.reflections.ReflectionsException: could not get type for name org.eclipse.swt.widgets.Canvas
	at org.reflections.ReflectionUtils.forName(ReflectionUtils.java:390)
	at org.reflections.Reflections.expandSuperTypes(Reflections.java:381)
	at org.reflections.Reflections.<init>(Reflections.java:126)
	at com.thoughtworks.gauge.execution.parameters.parsers.base.ParameterParsingChain.createReflections(ParameterParsingChain.java:41)
	at com.thoughtworks.gauge.execution.parameters.parsers.base.ParameterParsingChain.<init>(ParameterParsingChain.java:27)
	at com.thoughtworks.gauge.GaugeRuntime.dispatchMessages(GaugeRuntime.java:98)
	at com.thoughtworks.gauge.GaugeRuntime.lambda$connectSynchronously$1(GaugeRuntime.java:81)
	at java.lang.Thread.run(Thread.java:748)
Caused by: java.lang.ClassNotFoundException: org.eclipse.swt.widgets.Canvas
	at java.net.URLClassLoader.findClass(URLClassLoader.java:382)
	at java.lang.ClassLoader.loadClass(ClassLoader.java:424)
	at sun.misc.Launcher$AppClassLoader.loadClass(Launcher.java:349)
	at java.lang.ClassLoader.loadClass(ClassLoader.java:357)
	at org.reflections.ReflectionUtils.forName(ReflectionUtils.java:388)
	... 7 more
2020-01-13 11:24:44 WARN  Reflections:396 - could not get type for name org.junit.jupiter.api.extension.AfterEachCallback from any class loader
org.reflections.ReflectionsException: could not get type for name org.junit.jupiter.api.extension.AfterEachCallback
	at org.reflections.ReflectionUtils.forName(ReflectionUtils.java:390)
	at org.reflections.Reflections.expandSuperTypes(Reflections.java:381)
	at org.reflections.Reflections.<init>(Reflections.java:126)
	at com.thoughtworks.gauge.execution.parameters.parsers.base.ParameterParsingChain.createReflections(ParameterParsingChain.java:41)
	at com.thoughtworks.gauge.execution.parameters.parsers.base.ParameterParsingChain.<init>(ParameterParsingChain.java:27)
	at com.thoughtworks.gauge.GaugeRuntime.dispatchMessages(GaugeRuntime.java:98)
	at com.thoughtworks.gauge.GaugeRuntime.lambda$connectSynchronously$1(GaugeRuntime.java:81)
	at java.lang.Thread.run(Thread.java:748)
Caused by: java.lang.ClassNotFoundException: org.junit.jupiter.api.extension.AfterEachCallback
	at java.net.URLClassLoader.findClass(URLClassLoader.java:382)
	at java.lang.ClassLoader.loadClass(ClassLoader.java:424)
	at sun.misc.Launcher$AppClassLoader.loadClass(Launcher.java:349)
	at java.lang.ClassLoader.loadClass(ClassLoader.java:357)
	at org.reflections.ReflectionUtils.forName(ReflectionUtils.java:388)
	... 7 more
2020-01-13 11:24:44 WARN  Reflections:396 - could not get type for name org.apache.tools.ant.types.FileSet from any class loader
org.reflections.ReflectionsException: could not get type for name org.apache.tools.ant.types.FileSet
	at org.reflections.ReflectionUtils.forName(ReflectionUtils.java:390)
	at org.reflections.Reflections.expandSuperTypes(Reflections.java:381)
	at org.reflections.Reflections.<init>(Reflections.java:126)
	at com.thoughtworks.gauge.execution.parameters.parsers.base.ParameterParsingChain.createReflections(ParameterParsingChain.java:41)
	at com.thoughtworks.gauge.execution.parameters.parsers.base.ParameterParsingChain.<init>(ParameterParsingChain.java:27)
	at com.thoughtworks.gauge.GaugeRuntime.dispatchMessages(GaugeRuntime.java:98)
	at com.thoughtworks.gauge.GaugeRuntime.lambda$connectSynchronously$1(GaugeRuntime.java:81)
	at java.lang.Thread.run(Thread.java:748)
Caused by: java.lang.ClassNotFoundException: org.apache.tools.ant.types.FileSet
	at java.net.URLClassLoader.findClass(URLClassLoader.java:382)
	at java.lang.ClassLoader.loadClass(ClassLoader.java:424)
	at sun.misc.Launcher$AppClassLoader.loadClass(Launcher.java:349)
	at java.lang.ClassLoader.loadClass(ClassLoader.java:357)
	at org.reflections.ReflectionUtils.forName(ReflectionUtils.java:388)
	... 7 more
2020-01-13 11:24:44 WARN  Reflections:396 - could not get type for name org.apache.tools.ant.DynamicAttribute from any class loader
org.reflections.ReflectionsException: could not get type for name org.apache.tools.ant.DynamicAttribute
	at org.reflections.ReflectionUtils.forName(ReflectionUtils.java:390)
	at org.reflections.Reflections.expandSuperTypes(Reflections.java:381)
	at org.reflections.Reflections.<init>(Reflections.java:126)
	at com.thoughtworks.gauge.execution.parameters.parsers.base.ParameterParsingChain.createReflections(ParameterParsingChain.java:41)
	at com.thoughtworks.gauge.execution.parameters.parsers.base.ParameterParsingChain.<init>(ParameterParsingChain.java:27)
	at com.thoughtworks.gauge.GaugeRuntime.dispatchMessages(GaugeRuntime.java:98)
	at com.thoughtworks.gauge.GaugeRuntime.lambda$connectSynchronously$1(GaugeRuntime.java:81)
	at java.lang.Thread.run(Thread.java:748)
Caused by: java.lang.ClassNotFoundException: org.apache.tools.ant.DynamicAttribute
	at java.net.URLClassLoader.findClass(URLClassLoader.java:382)
	at java.lang.ClassLoader.loadClass(ClassLoader.java:424)
	at sun.misc.Launcher$AppClassLoader.loadClass(Launcher.java:349)
	at java.lang.ClassLoader.loadClass(ClassLoader.java:357)
	at org.reflections.ReflectionUtils.forName(ReflectionUtils.java:388)
	... 7 more
2020-01-13 11:24:44 INFO  BaseTest:27 - SepetSilme Kontrol
2020-01-13 11:24:46 INFO  BaseTest:54 - "https://www.hepsiburada.com/" adresine git
2020-01-13 11:25:01 INFO  BaseTest:54 - "Uye Giris" elementine tıkla
2020-01-13 11:25:01 INFO  BaseMethods:43 - clickElement method called:  clicking [[ChromeDriver: chrome on MAC (922936a32f1b00bbf33cb0793e99e5a9)] -> xpath: //*[@id="myAccount"]/a[2]]
2020-01-13 11:25:02 INFO  BaseTest:54 - "3" saniye bekle
2020-01-13 11:25:05 INFO  BaseTest:54 - "Giris Yap" elementine tıkla
2020-01-13 11:25:05 INFO  BaseMethods:43 - clickElement method called:  clicking [[ChromeDriver: chrome on MAC (922936a32f1b00bbf33cb0793e99e5a9)] -> xpath: //*[@id="login"]]
2020-01-13 11:25:06 INFO  BaseTest:54 - "3" saniye bekle
2020-01-13 11:25:09 INFO  BaseTest:54 - "E-posta" elementine "sebahat.selvi@gmail.com" değerini gir
2020-01-13 11:25:09 INFO  BaseMethods:73 - [[ChromeDriver: chrome on MAC (922936a32f1b00bbf33cb0793e99e5a9)] -> xpath: //*[@id="email"]] elementine sebahat.selvi@gmail.com degeri gonderildi
2020-01-13 11:25:09 INFO  BaseTest:54 - "3" saniye bekle
2020-01-13 11:25:12 INFO  BaseTest:54 - "UyeSifre" elementine "123Ss/35320" değerini gir
2020-01-13 11:25:12 INFO  BaseMethods:73 - [[ChromeDriver: chrome on MAC (922936a32f1b00bbf33cb0793e99e5a9)] -> xpath: //*[@id="password"]] elementine 123Ss/35320 degeri gonderildi
2020-01-13 11:25:12 INFO  BaseTest:54 - "3" saniye bekle
2020-01-13 11:25:15 INFO  BaseTest:54 - "Giris Buton" elementine tıkla
2020-01-13 11:25:15 INFO  BaseMethods:43 - clickElement method called:  clicking [[ChromeDriver: chrome on MAC (922936a32f1b00bbf33cb0793e99e5a9)] -> xpath: //*[@id="form-login"]/div[4]/button]
2020-01-13 11:25:15 INFO  BaseTest:54 - "3" saniye bekle
2020-01-13 11:25:18 INFO  BaseTest:54 - "Sepetim1" elementine tıkla
2020-01-13 11:25:19 INFO  BaseMethods:43 - clickElement method called:  clicking [[ChromeDriver: chrome on MAC (922936a32f1b00bbf33cb0793e99e5a9)] -> xpath: //*[@id="shoppingCart"]/span[1]]
2020-01-13 11:25:20 INFO  BaseTest:54 - sepet urunleri sil "urunSil2"
